# JRE version: Java(TM) SE Runtime Environment (8.0_40-b20) (build 1.8.0_40-ea-b20)
# Java VM: Java HotSpot(TM) 64-Bit Server VM (25.40-b23 mixed mode bsd-amd64 compressed oops)
Heap:
 PSYoungGen      total 288256K, used 86652K [0x000000076ab00000, 0x0000000786680000, 0x00000007c0000000)
  eden space 248832K, 34% used [0x000000076ab00000,0x000000076ff9f2e8,0x0000000779e00000)
  from space 39424K, 0% used [0x0000000779e00000,0x0000000779e00000,0x000000077c480000)
  to   space 38912K, 0% used [0x0000000784080000,0x0000000784080000,0x0000000786680000)
 ParOldGen       total 202240K, used 31235K [0x00000006c0000000, 0x00000006cc580000, 0x000000076ab00000)
  object space 202240K, 15% used [0x00000006c0000000,0x00000006c1e80c68,0x00000006cc580000)
 Metaspace       used 42294K, capacity 45998K, committed 46296K, reserved 1089536K
  class space    used 5180K, capacity 6306K, committed 6400K, reserved 1048576K
GC Heap History (10 events):
Event: 4.194 GC heap before
{Heap before GC invocations=5 (full 1):
 PSYoungGen      total 141824K, used 141821K [0x000000076ab00000, 0x0000000777280000, 0x00000007c0000000)
  eden space 131072K, 100% used [0x000000076ab00000,0x0000000772b00000,0x0000000772b00000)
  from space 10752K, 99% used [0x0000000772b00000,0x000000077357f7e8,0x0000000773580000)
  to   space 10752K, 0% used [0x0000000776800000,0x0000000776800000,0x0000000777280000)
 ParOldGen       total 130048K, used 33712K [0x00000006c0000000, 0x00000006c7f00000, 0x000000076ab00000)
  object space 130048K, 25% used [0x00000006c0000000,0x00000006c20ec028,0x00000006c7f00000)
 Metaspace       used 28862K, capacity 31550K, committed 31616K, reserved 1077248K
  class space    used 3560K, capacity 4419K, committed 4480K, reserved 1048576K
Event: 4.214 GC heap after
Heap after GC invocations=5 (full 1):
 PSYoungGen      total 189440K, used 10732K [0x000000076ab00000, 0x0000000777280000, 0x00000007c0000000)
  eden space 178688K, 0% used [0x000000076ab00000,0x000000076ab00000,0x0000000775980000)
  from space 10752K, 99% used [0x0000000776800000,0x000000077727b290,0x0000000777280000)
  to   space 10752K, 0% used [0x0000000775d80000,0x0000000775d80000,0x0000000776800000)
 ParOldGen       total 130048K, used 51783K [0x00000006c0000000, 0x00000006c7f00000, 0x000000076ab00000)
  object space 130048K, 39% used [0x00000006c0000000,0x00000006c3291e80,0x00000006c7f00000)
 Metaspace       used 28862K, capacity 31550K, committed 31616K, reserved 1077248K
  class space    used 3560K, capacity 4419K, committed 4480K, reserved 1048576K
}
Event: 4.815 GC heap before
{Heap before GC invocations=6 (full 1):
 PSYoungGen      total 189440K, used 189420K [0x000000076ab00000, 0x0000000777280000, 0x00000007c0000000)
  eden space 178688K, 100% used [0x000000076ab00000,0x0000000775980000,0x0000000775980000)
  from space 10752K, 99% used [0x0000000776800000,0x000000077727b290,0x0000000777280000)
  to   space 10752K, 0% used [0x0000000775d80000,0x0000000775d80000,0x0000000776800000)
 ParOldGen       total 130048K, used 51783K [0x00000006c0000000, 0x00000006c7f00000, 0x000000076ab00000)
  object space 130048K, 39% used [0x00000006c0000000,0x00000006c3291e80,0x00000006c7f00000)
 Metaspace       used 29883K, capacity 32698K, committed 33024K, reserved 1077248K
  class space    used 3670K, capacity 4523K, committed 4608K, reserved 1048576K
Event: 4.839 GC heap after
Heap after GC invocations=6 (full 1):
 PSYoungGen      total 193536K, used 10752K [0x000000076ab00000, 0x000000077e780000, 0x00000007c0000000)
  eden space 182784K, 0% used [0x000000076ab00000,0x000000076ab00000,0x0000000775d80000)
  from space 10752K, 100% used [0x0000000775d80000,0x0000000776800000,0x0000000776800000)
  to   space 35840K, 0% used [0x000000077c480000,0x000000077c480000,0x000000077e780000)
 ParOldGen       total 130048K, used 70044K [0x00000006c0000000, 0x00000006c7f00000, 0x000000076ab00000)
  object space 130048K, 53% used [0x00000006c0000000,0x00000006c4467370,0x00000006c7f00000)
 Metaspace       used 29883K, capacity 32698K, committed 33024K, reserved 1077248K
  class space    used 3670K, capacity 4523K, committed 4608K, reserved 1048576K
}
Event: 5.144 GC heap before
{Heap before GC invocations=7 (full 1):
 PSYoungGen      total 193536K, used 193536K [0x000000076ab00000, 0x000000077e780000, 0x00000007c0000000)
  eden space 182784K, 100% used [0x000000076ab00000,0x0000000775d80000,0x0000000775d80000)
  from space 10752K, 100% used [0x0000000775d80000,0x0000000776800000,0x0000000776800000)
  to   space 35840K, 0% used [0x000000077c480000,0x000000077c480000,0x000000077e780000)
 ParOldGen       total 130048K, used 70044K [0x00000006c0000000, 0x00000006c7f00000, 0x000000076ab00000)
  object space 130048K, 53% used [0x00000006c0000000,0x00000006c4467370,0x00000006c7f00000)
 Metaspace       used 29893K, capacity 32698K, committed 33024K, reserved 1077248K
  class space    used 3670K, capacity 4523K, committed 4608K, reserved 1048576K
Event: 5.170 GC heap after
Heap after GC invocations=7 (full 1):
 PSYoungGen      total 284672K, used 33030K [0x000000076ab00000, 0x0000000780680000, 0x00000007c0000000)
  eden space 248832K, 0% used [0x000000076ab00000,0x000000076ab00000,0x0000000779e00000)
  from space 35840K, 92% used [0x000000077c480000,0x000000077e4c1ba0,0x000000077e780000)
  to   space 39424K, 0% used [0x0000000779e00000,0x0000000779e00000,0x000000077c480000)
 ParOldGen       total 130048K, used 70052K [0x00000006c0000000, 0x00000006c7f00000, 0x000000076ab00000)
  object space 130048K, 53% used [0x00000006c0000000,0x00000006c4469370,0x00000006c7f00000)
 Metaspace       used 29893K, capacity 32698K, committed 33024K, reserved 1077248K
  class space    used 3670K, capacity 4523K, committed 4608K, reserved 1048576K
}
Event: 5.585 GC heap before
{Heap before GC invocations=8 (full 1):
 PSYoungGen      total 284672K, used 135821K [0x000000076ab00000, 0x0000000780680000, 0x00000007c0000000)
  eden space 248832K, 41% used [0x000000076ab00000,0x0000000770f61b78,0x0000000779e00000)
  from space 35840K, 92% used [0x000000077c480000,0x000000077e4c1ba0,0x000000077e780000)
  to   space 39424K, 0% used [0x0000000779e00000,0x0000000779e00000,0x000000077c480000)
 ParOldGen       total 130048K, used 70052K [0x00000006c0000000, 0x00000006c7f00000, 0x000000076ab00000)
  object space 130048K, 53% used [0x00000006c0000000,0x00000006c4469370,0x00000006c7f00000)
 Metaspace       used 32462K, capacity 35360K, committed 35416K, reserved 1079296K
  class space    used 3999K, capacity 4941K, committed 4992K, reserved 1048576K
Event: 5.600 GC heap after
Heap after GC invocations=8 (full 1):
 PSYoungGen      total 288256K, used 18839K [0x000000076ab00000, 0x0000000786680000, 0x00000007c0000000)
  eden space 248832K, 0% used [0x000000076ab00000,0x000000076ab00000,0x0000000779e00000)
  from space 39424K, 47% used [0x0000000779e00000,0x000000077b065e88,0x000000077c480000)
  to   space 38912K, 0% used [0x0000000784080000,0x0000000784080000,0x0000000786680000)
 ParOldGen       total 130048K, used 70060K [0x00000006c0000000, 0x00000006c7f00000, 0x000000076ab00000)
  object space 130048K, 53% used [0x00000006c0000000,0x00000006c446b370,0x00000006c7f00000)
 Metaspace       used 32462K, capacity 35360K, committed 35416K, reserved 1079296K
  class space    used 3999K, capacity 4941K, committed 4992K, reserved 1048576K
}
Event: 5.600 GC heap before
{Heap before GC invocations=9 (full 2):
 PSYoungGen      total 288256K, used 18839K [0x000000076ab00000, 0x0000000786680000, 0x00000007c0000000)
  eden space 248832K, 0% used [0x000000076ab00000,0x000000076ab00000,0x0000000779e00000)
  from space 39424K, 47% used [0x0000000779e00000,0x000000077b065e88,0x000000077c480000)
  to   space 38912K, 0% used [0x0000000784080000,0x0000000784080000,0x0000000786680000)
 ParOldGen       total 130048K, used 70060K [0x00000006c0000000, 0x00000006c7f00000, 0x000000076ab00000)
  object space 130048K, 53% used [0x00000006c0000000,0x00000006c446b370,0x00000006c7f00000)
 Metaspace       used 32462K, capacity 35360K, committed 35416K, reserved 1079296K
  class space    used 3999K, capacity 4941K, committed 4992K, reserved 1048576K
Event: 5.668 GC heap after
Heap after GC invocations=9 (full 2):
 PSYoungGen      total 288256K, used 0K [0x000000076ab00000, 0x0000000786680000, 0x00000007c0000000)
  eden space 248832K, 0% used [0x000000076ab00000,0x000000076ab00000,0x0000000779e00000)
  from space 39424K, 0% used [0x0000000779e00000,0x0000000779e00000,0x000000077c480000)
  to   space 38912K, 0% used [0x0000000784080000,0x0000000784080000,0x0000000786680000)
 ParOldGen       total 202240K, used 31235K [0x00000006c0000000, 0x00000006cc580000, 0x000000076ab00000)
  object space 202240K, 15% used [0x00000006c0000000,0x00000006c1e80c68,0x00000006cc580000)
 Metaspace       used 32462K, capacity 35360K, committed 35416K, reserved 1079296K
  class space    used 3999K, capacity 4941K, committed 4992K, reserved 1048576K
}

